<?xml version="1.0" encoding="utf-8"?><testsuites name="pytest tests"><testsuite name="pytest" errors="0" failures="0" skipped="0" tests="32" time="9.059" timestamp="2026-08-19T11:56:36.808873+03:00" hostname="Autobotas"><testcase classname="dimensional_agent.tests.product_acceptance.test_bank_reliability" name="test_atomic_write_leaves_valid_json" time="0.012" /><testcase classname="dimensional_agent.tests.product_acceptance.test_bank_reliability" name="test_concurrent_commits_same_key_one_active" time="0.120" /><testcase classname="dimensional_agent.tests.product_acceptance.test_bank_reliability" name="test_concurrent_commit_and_deactivate" time="0.014" /><testcase classname="dimensional_agent.tests.product_acceptance.test_bank_reliability" name="test_truncated_file_recovers_from_bak" time="0.011" /><testcase classname="dimensional_agent.tests.product_acceptance.test_bank_reliability" name="test_malformed_without_bak_raises" time="0.007" /><testcase classname="dimensional_agent.tests.product_acceptance.test_bank_reliability" name="test_backup_restore_roundtrip" time="0.013" /><testcase classname="dimensional_agent.tests.product_acceptance.test_bank_reliability" name="test_demo_reset_refuses_real" time="0.007" /><testcase classname="dimensional_agent.tests.product_acceptance.test_bank_reliability" name="test_demo_reset_ok" time="0.010" /><testcase classname="dimensional_agent.tests.product_acceptance.test_bank_reliability" name="test_stress_1000_mixed_ops" time="5.132" /><testcase classname="dimensional_agent.tests.product_acceptance.test_benchmark_scorer" name="test_benchmark_dataset_size" time="0.003" /><testcase classname="dimensional_agent.tests.product_acceptance.test_benchmark_scorer" name="test_benchmark_scorer_runs" time="1.273" /><testcase classname="dimensional_agent.tests.product_acceptance.test_causal_eval_suite" name="test_causal_guidance_improves_compliance" time="0.038" /><testcase classname="dimensional_agent.tests.product_acceptance.test_clean_room_api" name="test_empty_bank_recall" time="0.008" /><testcase classname="dimensional_agent.tests.product_acceptance.test_clean_room_api" name="test_commit_supersede_deactivate_cycle" time="0.020" /><testcase classname="dimensional_agent.tests.product_acceptance.test_clean_room_api" name="test_determinism_repeat" time="0.021" /><testcase classname="dimensional_agent.tests.product_acceptance.test_clean_room_api" name="test_health_surface" time="0.010" /><testcase classname="dimensional_agent.tests.product_acceptance.test_cli" name="test_cli_health_list_backup_restore" time="0.046" /><testcase classname="dimensional_agent.tests.product_acceptance.test_durable_past" name="test_durable_past_beats_unrelated_recent" time="0.013" /><testcase classname="dimensional_agent.tests.product_acceptance.test_durable_past" name="test_same_key_newer_project_state_wins" time="0.017" /><testcase classname="dimensional_agent.tests.product_acceptance.test_guidance_lifecycle" name="test_explicit_supersede_removes_old_from_active" time="0.001" /><testcase classname="dimensional_agent.tests.product_acceptance.test_guidance_lifecycle" name="test_retract_removes_from_active" time="0.001" /><testcase classname="dimensional_agent.tests.product_acceptance.test_guidance_lifecycle" name="test_plan_meta_excluded_from_normal_guidance" time="0.001" /><testcase classname="dimensional_agent.tests.product_acceptance.test_guidance_lifecycle" name="test_test_status_excluded" time="0.001" /><testcase classname="dimensional_agent.tests.product_acceptance.test_guidance_lifecycle" name="test_dead_superseded_excluded_even_if_semantically_perfect" time="0.001" /><testcase classname="dimensional_agent.tests.product_acceptance.test_guidance_lifecycle" name="test_empty_active_bank" time="0.001" /><testcase classname="dimensional_agent.tests.product_acceptance.test_recall_quality" name="test_exact_query_preserved" time="0.013" /><testcase classname="dimensional_agent.tests.product_acceptance.test_recall_quality" name="test_negative_trivia_no_hits" time="0.011" /><testcase classname="dimensional_agent.tests.product_acceptance.test_recall_quality" name="test_test_and_plan_meta_do_not_leak" time="0.012" /><testcase classname="dimensional_agent.tests.product_acceptance.test_recall_quality" name="test_mcp_four_tools_only" time="0.022" /><testcase classname="dimensional_agent.tests.product_acceptance.test_recall_quality" name="test_server_down_when_port_closed" time="2.062" /><testcase classname="dimensional_agent.tests.product_acceptance.test_reference_agent_causal" name="test_organic_capture_survives_restart" time="0.024" /><testcase classname="dimensional_agent.tests.product_acceptance.test_reference_agent_causal" name="test_causal_treatment_vs_control" time="0.013" /></testsuite></testsuites>